2014-02-12 18:39:01,363 [Thread-3] ERROR org.hibernate.util.JDBCExceptionReporter - logExceptions - Cannot load JDBC driver class 'oracle.jdbc.driver.OracleDriver'
2014-02-12 18:40:01,375 [Thread-3] ERROR org.hibernate.util.JDBCExceptionReporter - logExceptions - Cannot load JDBC driver class 'oracle.jdbc.driver.OracleDriver'
2014-02-12 18:41:01,377 [Thread-3] ERROR org.hibernate.util.JDBCExceptionReporter - logExceptions - Cannot load JDBC driver class 'oracle.jdbc.driver.OracleDriver'
2014-02-12 18:42:01,382 [Thread-3] ERROR org.hibernate.util.JDBCExceptionReporter - logExceptions - Cannot load JDBC driver class 'oracle.jdbc.driver.OracleDriver'
2014-02-12 18:42:09,747 [Thread-7] ERROR org.hibernate.util.JDBCExceptionReporter - logExceptions - ORA-00942: la tabla o vista no existe

2014-02-12 18:42:54,310 [http-bio-8080-exec-5] ERROR org.hibernate.util.JDBCExceptionReporter - logExceptions - ORA-00942: la tabla o vista no existe

2014-02-12 18:43:05,833 [http-bio-8080-exec-3] ERROR org.hibernate.util.JDBCExceptionReporter - logExceptions - ORA-00942: la tabla o vista no existe

2014-02-12 18:43:09,756 [Thread-7] ERROR org.hibernate.util.JDBCExceptionReporter - logExceptions - ORA-00942: la tabla o vista no existe

2014-02-12 18:44:09,762 [Thread-7] ERROR org.hibernate.util.JDBCExceptionReporter - logExceptions - ORA-00942: la tabla o vista no existe

2014-02-12 18:45:09,768 [Thread-7] ERROR org.hibernate.util.JDBCExceptionReporter - logExceptions - ORA-00942: la tabla o vista no existe

2014-02-12 18:46:09,776 [Thread-7] ERROR org.hibernate.util.JDBCExceptionReporter - logExceptions - ORA-00942: la tabla o vista no existe

2014-04-03 11:50:26,902 [Thread-3] ERROR org.hibernate.util.JDBCExceptionReporter - logExceptions - Cannot create JDBC driver of class '' for connect URL 'null'
2014-04-03 11:51:26,899 [Thread-3] ERROR org.hibernate.util.JDBCExceptionReporter - logExceptions - Cannot create JDBC driver of class '' for connect URL 'null'
2014-04-03 11:52:26,893 [Thread-3] ERROR org.hibernate.util.JDBCExceptionReporter - logExceptions - Cannot create JDBC driver of class '' for connect URL 'null'
2014-05-27 17:43:35,235 [http-bio-8080-exec-10] ERROR org.hibernate.util.JDBCExceptionReporter - logExceptions - ORA-00942: la tabla o vista no existe

2014-05-29 12:10:26,580 [Thread-3] ERROR org.hibernate.util.JDBCExceptionReporter - logExceptions - ORA-00942: la tabla o vista no existe

2014-05-29 17:27:53,722 [http-bio-8080-exec-6] ERROR org.hibernate.util.JDBCExceptionReporter - logExceptions - ORA-00904: "ASSETTYPED0_"."FKASSETTYPESDMENTERPRISE": identificador no válido

2014-05-29 17:28:00,319 [http-bio-8080-exec-3] ERROR org.hibernate.util.JDBCExceptionReporter - logExceptions - ORA-00904: "ASSETTYPED0_"."FKASSETTYPESDMENTERPRISE": identificador no válido

2014-05-29 17:28:40,315 [http-bio-8080-exec-10] ERROR org.hibernate.util.JDBCExceptionReporter - logExceptions - ORA-00904: "ASSETTYPED0_"."FKASSETTYPESDMENTERPRISE": identificador no válido

2014-05-29 17:29:33,081 [http-bio-8080-exec-3] ERROR org.hibernate.util.JDBCExceptionReporter - logExceptions - ORA-00904: "ASSETTYPED0_"."FKASSETTYPESDMENTERPRISE": identificador no válido

2014-05-29 17:29:53,445 [http-bio-8080-exec-2] ERROR org.hibernate.util.JDBCExceptionReporter - logExceptions - ORA-00904: "ASSETTYPED0_"."FKASSETTYPESDMENTERPRISE": identificador no válido

2014-05-29 17:31:04,788 [http-bio-8080-exec-7] ERROR org.hibernate.util.JDBCExceptionReporter - logExceptions - ORA-00904: "ASSETTYPED0_"."FKASSETTYPESDMENTERPRISE": identificador no válido

2014-05-29 17:32:01,126 [http-bio-8080-exec-1] ERROR org.hibernate.util.JDBCExceptionReporter - logExceptions - ORA-00904: "ASSETTYPED0_"."FKASSETTYPESDMENTERPRISE": identificador no válido

2014-05-29 17:32:36,621 [http-bio-8080-exec-5] ERROR org.hibernate.util.JDBCExceptionReporter - logExceptions - ORA-00904: "ASSETTYPED0_"."FKASSETTYPESDMENTERPRISE": identificador no válido

2014-05-29 17:33:30,775 [http-bio-8080-exec-10] ERROR org.hibernate.util.JDBCExceptionReporter - logExceptions - ORA-00904: "ASSETTYPED0_"."FKASSETTYPESDMENTERPRISE": identificador no válido

2014-05-29 17:33:47,623 [http-bio-8080-exec-1] ERROR org.hibernate.util.JDBCExceptionReporter - logExceptions - ORA-00904: "ASSETTYPED0_"."FKASSETTYPESDMENTERPRISE": identificador no válido

2014-05-29 17:33:51,889 [http-bio-8080-exec-4] ERROR org.hibernate.util.JDBCExceptionReporter - logExceptions - ORA-00904: "ASSETTYPED0_"."FKASSETTYPESDMENTERPRISE": identificador no válido

2014-05-29 17:38:00,825 [http-bio-8080-exec-9] ERROR org.hibernate.util.JDBCExceptionReporter - logExceptions - ORA-00904: "ASSETTYPED0_"."FKASSETTYPESDMENTERPRISE": identificador no válido

2014-05-29 17:38:10,249 [http-bio-8080-exec-7] ERROR org.hibernate.util.JDBCExceptionReporter - logExceptions - ORA-00904: "ASSETTYPED0_"."FKASSETTYPESDMENTERPRISE": identificador no válido

2014-05-29 17:40:36,913 [http-bio-8080-exec-4] ERROR org.hibernate.util.JDBCExceptionReporter - logExceptions - ORA-00904: "ASSETTYPED0_"."FKASSETTYPESDMENTERPRISE": identificador no válido

2014-05-30 09:47:32,325 [http-bio-8080-exec-6] ERROR org.hibernate.util.JDBCExceptionReporter - logExceptions - ORA-01722: número no válido

2014-06-05 12:37:32,492 [http-bio-8080-exec-3] ERROR org.hibernate.util.JDBCExceptionReporter - logExceptions - ORA-00904: "SDMJOBTYPE0_"."TIMEOUT": identificador no válido

2014-06-05 12:39:00,984 [http-bio-8080-exec-1] ERROR org.hibernate.util.JDBCExceptionReporter - logExceptions - ORA-00904: "SDMJOBTYPE0_"."TIMEOUT": identificador no válido

2014-06-05 12:43:14,362 [http-bio-8080-exec-7] ERROR org.hibernate.util.JDBCExceptionReporter - logExceptions - ORA-00904: "SDMJOBTYPE0_"."TIMEOUT": identificador no válido

2014-06-05 12:44:09,271 [http-bio-8080-exec-1] ERROR org.hibernate.util.JDBCExceptionReporter - logExceptions - ORA-00904: "SDMJOBTYPE0_"."TIMEOUT": identificador no válido

2014-06-05 12:48:24,815 [http-bio-8080-exec-4] ERROR org.hibernate.util.JDBCExceptionReporter - logExceptions - ORA-00904: "SDMJOBTYPE0_"."TIMEOUT": identificador no válido

2014-06-05 16:46:03,649 [http-bio-8080-exec-10] ERROR org.hibernate.hql.PARSER - reportError -  Invalid path: 'auditor.deleted'
2014-06-05 16:46:03,688 [http-bio-8080-exec-10] ERROR org.hibernate.hql.PARSER - reportError - <AST>:0:0: unexpected end of subtree
2014-06-05 16:46:03,688 [http-bio-8080-exec-10] ERROR org.hibernate.hql.PARSER - reportError -  left-hand operand of a binary operator was null
2014-06-06 12:27:05,061 [Thread-3] ERROR org.hibernate.util.JDBCExceptionReporter - logExceptions - Cannot create PoolableConnectionFactory (Excepción de E/S: The Network Adapter could not establish the connection)
2014-06-06 12:28:07,073 [Thread-3] ERROR org.hibernate.util.JDBCExceptionReporter - logExceptions - Cannot create PoolableConnectionFactory (Excepción de E/S: The Network Adapter could not establish the connection)
2014-06-06 12:29:09,091 [Thread-3] ERROR org.hibernate.util.JDBCExceptionReporter - logExceptions - Cannot create PoolableConnectionFactory (Excepción de E/S: The Network Adapter could not establish the connection)
2014-11-05 22:37:41,560 [Thread-4] ERROR org.hibernate.util.JDBCExceptionReporter - logExceptions - Excepción de E/S: The Network Adapter could not establish the connection
2014-11-10 10:48:53,888 [http-bio-8082-exec-10] ERROR org.hibernate.util.JDBCExceptionReporter - logExceptions - ORA-00904: "SECURITYNORMALIZATION": identificador no válido

2014-11-10 11:27:19,141 [http-bio-8082-exec-10] ERROR org.hibernate.hql.PARSER - reportError - line 1:6: unexpected token: AssetTypewhere
2014-11-10 11:29:32,779 [http-bio-8082-exec-10] ERROR org.hibernate.hql.PARSER - reportError - line 1:63: unexpected token: =
2014-11-13 01:06:18,728 [http-bio-8082-exec-9] ERROR org.hibernate.util.JDBCExceptionReporter - logExceptions - ORA-00904: "ASSETTYPED0_"."EDITABLENORMALIZATION": identificador no válido

2014-11-13 01:15:00,923 [http-bio-8082-exec-9] ERROR org.hibernate.util.JDBCExceptionReporter - logExceptions - ORA-00904: "ASSETTYPED0_"."EDITABLENORMALIZATION": identificador no válido

2014-11-13 01:27:18,812 [http-bio-8082-exec-2] ERROR org.hibernate.hql.PARSER - reportError - line 1:155: unexpected token: detail
2014-11-14 00:27:46,967 [http-bio-8082-exec-7] ERROR org.hibernate.util.JDBCExceptionReporter - logExceptions - ORA-00904: "EQ": identificador no válido

2014-11-14 11:27:07,498 [http-bio-8082-exec-4] ERROR org.hibernate.util.JDBCExceptionReporter - logExceptions - Excepción de E/S: The Network Adapter could not establish the connection
2014-11-14 14:11:08,058 [Thread-4] ERROR org.hibernate.util.JDBCExceptionReporter - logExceptions - Excepción de E/S: The Network Adapter could not establish the connection
2014-11-14 14:12:53,167 [Thread-4] ERROR org.hibernate.util.JDBCExceptionReporter - logExceptions - Excepción de E/S: The Network Adapter could not establish the connection
2014-11-18 18:43:07,220 [http-bio-8082-exec-3] ERROR org.hibernate.util.JDBCExceptionReporter - logExceptions - ORA-01722: número no válido

2014-11-18 18:44:36,187 [http-bio-8082-exec-9] ERROR org.hibernate.util.JDBCExceptionReporter - logExceptions - ORA-01722: número no válido

2014-11-19 22:46:58,788 [http-bio-8082-exec-10] ERROR org.hibernate.util.JDBCExceptionReporter - logExceptions - ORA-00001: restricción única (SDM.SYS_C0022829) violada

2014-11-19 22:46:58,832 [http-bio-8082-exec-10] ERROR org.hibernate.event.def.AbstractFlushingEventListener - performExecutions - Could not synchronize database state with session
org.hibernate.exception.ConstraintViolationException: could not insert: [com.lynxspa.sdm.entities.statics.configuration.StaticFieldMessageConfig]
	at org.hibernate.exception.SQLStateConverter.convert(SQLStateConverter.java:71)
	at org.hibernate.exception.JDBCExceptionHelper.convert(JDBCExceptionHelper.java:43)
	at org.hibernate.persister.entity.AbstractEntityPersister.insert(AbstractEntityPersister.java:2272)
	at org.hibernate.persister.entity.AbstractEntityPersister.insert(AbstractEntityPersister.java:2665)
	at org.hibernate.action.EntityInsertAction.execute(EntityInsertAction.java:60)
	at org.hibernate.engine.ActionQueue.execute(ActionQueue.java:279)
	at org.hibernate.engine.ActionQueue.executeActions(ActionQueue.java:263)
	at org.hibernate.engine.ActionQueue.executeActions(ActionQueue.java:167)
	at org.hibernate.event.def.AbstractFlushingEventListener.performExecutions(AbstractFlushingEventListener.java:298)
	at org.hibernate.event.def.DefaultFlushEventListener.onFlush(DefaultFlushEventListener.java:27)
	at org.hibernate.impl.SessionImpl.flush(SessionImpl.java:1000)
	at org.hibernate.impl.SessionImpl.managedFlush(SessionImpl.java:338)
	at org.hibernate.transaction.JDBCTransaction.commit(JDBCTransaction.java:106)
	at org.springframework.orm.hibernate3.HibernateTransactionManager.doCommit(HibernateTransactionManager.java:656)
	at org.springframework.transaction.support.AbstractPlatformTransactionManager.processCommit(AbstractPlatformTransactionManager.java:754)
	at org.springframework.transaction.support.AbstractPlatformTransactionManager.commit(AbstractPlatformTransactionManager.java:723)
	at org.springframework.transaction.interceptor.TransactionAspectSupport.commitTransactionAfterReturning(TransactionAspectSupport.java:393)
	at org.springframework.transaction.interceptor.TransactionInterceptor.invoke(TransactionInterceptor.java:120)
	at org.springframework.aop.framework.ReflectiveMethodInvocation.proceed(ReflectiveMethodInvocation.java:172)
	at org.springframework.aop.framework.Cglib2AopProxy$DynamicAdvisedInterceptor.intercept(Cglib2AopProxy.java:622)
	at com.lynxspa.sdm.core.services.PersistenceService$$EnhancerByCGLIB$$e5ba6e07.save(<generated>)
	at com.lynxspa.sdm.web.controllers.NormalizationAdminController.saveNormaizationScript(NormalizationAdminController.java:247)
	at com.lynxspa.sdm.web.controllers.NormalizationAdminController.normalizationFiltersSubmit(NormalizationAdminController.java:73)
	at sun.reflect.NativeMethodAccessorImpl.invoke0(Native Method)
	at sun.reflect.NativeMethodAccessorImpl.invoke(NativeMethodAccessorImpl.java:57)
	at sun.reflect.DelegatingMethodAccessorImpl.invoke(DelegatingMethodAccessorImpl.java:43)
	at java.lang.reflect.Method.invoke(Method.java:606)
	at org.springframework.web.method.support.InvocableHandlerMethod.invoke(InvocableHandlerMethod.java:213)
	at org.springframework.web.method.support.InvocableHandlerMethod.invokeForRequest(InvocableHandlerMethod.java:126)
	at org.springframework.web.servlet.mvc.method.annotation.ServletInvocableHandlerMethod.invokeAndHandle(ServletInvocableHandlerMethod.java:96)
	at org.springframework.web.servlet.mvc.method.annotation.RequestMappingHandlerAdapter.invokeHandlerMethod(RequestMappingHandlerAdapter.java:617)
	at org.springframework.web.servlet.mvc.method.annotation.RequestMappingHandlerAdapter.handleInternal(RequestMappingHandlerAdapter.java:578)
	at org.springframework.web.servlet.mvc.method.AbstractHandlerMethodAdapter.handle(AbstractHandlerMethodAdapter.java:80)
	at org.springframework.web.servlet.DispatcherServlet.doDispatch(DispatcherServlet.java:923)
	at org.springframework.web.servlet.DispatcherServlet.doService(DispatcherServlet.java:852)
	at org.springframework.web.servlet.FrameworkServlet.processRequest(FrameworkServlet.java:882)
	at org.springframework.web.servlet.FrameworkServlet.doPost(FrameworkServlet.java:789)
	at javax.servlet.http.HttpServlet.service(HttpServlet.java:647)
	at com.lynxspa.sdm.web.CustomDispatcher.service(CustomDispatcher.java:19)
	at javax.servlet.http.HttpServlet.service(HttpServlet.java:728)
	at org.apache.catalina.core.ApplicationFilterChain.internalDoFilter(ApplicationFilterChain.java:305)
	at org.apache.catalina.core.ApplicationFilterChain.doFilter(ApplicationFilterChain.java:210)
	at org.apache.catalina.core.ApplicationDispatcher.invoke(ApplicationDispatcher.java:749)
	at org.apache.catalina.core.ApplicationDispatcher.doInclude(ApplicationDispatcher.java:605)
	at org.apache.catalina.core.ApplicationDispatcher.include(ApplicationDispatcher.java:544)
	at org.apache.taglibs.standard.tag.common.core.ImportSupport.acquireString(ImportSupport.java:296)
	at org.apache.taglibs.standard.tag.common.core.ImportSupport.doEndTag(ImportSupport.java:161)
	at org.apache.jsp.fpm_002dtemplate.template_005fmenu_xwb._jspx_meth_c_005fimport_005f1(template_005fmenu_xwb.java:882)
	at org.apache.jsp.fpm_002dtemplate.template_005fmenu_xwb._jspService(template_005fmenu_xwb.java:211)
	at org.apache.jasper.runtime.HttpJspBase.service(HttpJspBase.java:70)
	at javax.servlet.http.HttpServlet.service(HttpServlet.java:728)
	at org.apache.jasper.servlet.JspServletWrapper.service(JspServletWrapper.java:432)
	at org.apache.jasper.servlet.JspServlet.serviceJspFile(JspServlet.java:390)
	at org.apache.jasper.servlet.JspServlet.service(JspServlet.java:334)
	at javax.servlet.http.HttpServlet.service(HttpServlet.java:728)
	at org.apache.catalina.core.ApplicationFilterChain.internalDoFilter(ApplicationFilterChain.java:305)
	at org.apache.catalina.core.ApplicationFilterChain.doFilter(ApplicationFilterChain.java:210)
	at org.apache.catalina.core.ApplicationDispatcher.invoke(ApplicationDispatcher.java:749)
	at org.apache.catalina.core.ApplicationDispatcher.doInclude(ApplicationDispatcher.java:605)
	at org.apache.catalina.core.ApplicationDispatcher.include(ApplicationDispatcher.java:544)
	at org.apache.taglibs.standard.tag.common.core.ImportSupport.acquireString(ImportSupport.java:296)
	at org.apache.taglibs.standard.tag.common.core.ImportSupport.doEndTag(ImportSupport.java:161)
	at org.apache.jsp.fpm_002dtemplate.switch_005ftemplate_xwb._jspx_meth_c_005fimport_005f1(switch_005ftemplate_xwb.java:651)
	at org.apache.jsp.fpm_002dtemplate.switch_005ftemplate_xwb._jspx_meth_c_005fotherwise_005f0(switch_005ftemplate_xwb.java:621)
	at org.apache.jsp.fpm_002dtemplate.switch_005ftemplate_xwb._jspx_meth_c_005fchoose_005f0(switch_005ftemplate_xwb.java:531)
	at org.apache.jsp.fpm_002dtemplate.switch_005ftemplate_xwb._jspService(switch_005ftemplate_xwb.java:201)
	at org.apache.jasper.runtime.HttpJspBase.service(HttpJspBase.java:70)
	at javax.servlet.http.HttpServlet.service(HttpServlet.java:728)
	at org.apache.jasper.servlet.JspServletWrapper.service(JspServletWrapper.java:432)
	at org.apache.jasper.servlet.JspServlet.serviceJspFile(JspServlet.java:390)
	at org.apache.jasper.servlet.JspServlet.service(JspServlet.java:334)
	at javax.servlet.http.HttpServlet.service(HttpServlet.java:728)
	at org.apache.catalina.core.ApplicationFilterChain.internalDoFilter(ApplicationFilterChain.java:305)
	at org.apache.catalina.core.ApplicationFilterChain.doFilter(ApplicationFilterChain.java:210)
	at org.apache.catalina.core.ApplicationDispatcher.invoke(ApplicationDispatcher.java:749)
	at org.apache.catalina.core.ApplicationDispatcher.doInclude(ApplicationDispatcher.java:605)
	at org.apache.catalina.core.ApplicationDispatcher.include(ApplicationDispatcher.java:544)
	at com.lynxit.xweb.servlets.TemplateFilter.doFilter(TemplateFilter.java:80)
	at com.lynxit.xweb.servlets.RegExpConditionedFilter.doFilter(RegExpConditionedFilter.java:95)
	at org.apache.catalina.core.ApplicationFilterChain.internalDoFilter(ApplicationFilterChain.java:243)
	at org.apache.catalina.core.ApplicationFilterChain.doFilter(ApplicationFilterChain.java:210)
	at com.lynxit.xweb.auth.AuthenticationAndAuthorizationFilter.doFilter(AuthenticationAndAuthorizationFilter.java:247)
	at org.apache.catalina.core.ApplicationFilterChain.internalDoFilter(ApplicationFilterChain.java:243)
	at org.apache.catalina.core.ApplicationFilterChain.doFilter(ApplicationFilterChain.java:210)
	at com.lynxit.xweb.servlets.DatasourcesManagerFilter.doFilter(DatasourcesManagerFilter.java:27)
	at org.apache.catalina.core.ApplicationFilterChain.internalDoFilter(ApplicationFilterChain.java:243)
	at org.apache.catalina.core.ApplicationFilterChain.doFilter(ApplicationFilterChain.java:210)
	at org.springframework.web.filter.CharacterEncodingFilter.doFilterInternal(CharacterEncodingFilter.java:88)
	at org.springframework.web.filter.OncePerRequestFilter.doFilter(OncePerRequestFilter.java:76)
	at org.apache.catalina.core.ApplicationFilterChain.internalDoFilter(ApplicationFilterChain.java:243)
	at org.apache.catalina.core.ApplicationFilterChain.doFilter(ApplicationFilterChain.java:210)
	at org.apache.catalina.core.StandardWrapperValve.invoke(StandardWrapperValve.java:222)
	at org.apache.catalina.core.StandardContextValve.invoke(StandardContextValve.java:123)
	at org.apache.catalina.authenticator.AuthenticatorBase.invoke(AuthenticatorBase.java:502)
	at org.apache.catalina.core.StandardHostValve.invoke(StandardHostValve.java:171)
	at org.apache.catalina.valves.ErrorReportValve.invoke(ErrorReportValve.java:100)
	at org.apache.catalina.valves.AccessLogValve.invoke(AccessLogValve.java:953)
	at org.apache.catalina.core.StandardEngineValve.invoke(StandardEngineValve.java:118)
	at org.apache.catalina.connector.CoyoteAdapter.service(CoyoteAdapter.java:408)
	at org.apache.coyote.http11.AbstractHttp11Processor.process(AbstractHttp11Processor.java:1041)
	at org.apache.coyote.AbstractProtocol$AbstractConnectionHandler.process(AbstractProtocol.java:603)
	at org.apache.tomcat.util.net.JIoEndpoint$SocketProcessor.run(JIoEndpoint.java:312)
	at java.util.concurrent.ThreadPoolExecutor.runWorker(ThreadPoolExecutor.java:1145)
	at java.util.concurrent.ThreadPoolExecutor$Worker.run(ThreadPoolExecutor.java:615)
	at java.lang.Thread.run(Thread.java:744)
Caused by: java.sql.SQLException: ORA-00001: restricción única (SDM.SYS_C0022829) violada

	at oracle.jdbc.driver.DatabaseError.throwSqlException(DatabaseError.java:112)
	at oracle.jdbc.driver.T4CTTIoer.processError(T4CTTIoer.java:331)
	at oracle.jdbc.driver.T4CTTIoer.processError(T4CTTIoer.java:288)
	at oracle.jdbc.driver.T4C8Oall.receive(T4C8Oall.java:743)
	at oracle.jdbc.driver.T4CPreparedStatement.doOall8(T4CPreparedStatement.java:216)
	at oracle.jdbc.driver.T4CPreparedStatement.executeForRows(T4CPreparedStatement.java:955)
	at oracle.jdbc.driver.OracleStatement.doExecuteWithTimeout(OracleStatement.java:1168)
	at oracle.jdbc.driver.OraclePreparedStatement.executeInternal(OraclePreparedStatement.java:3316)
	at oracle.jdbc.driver.OraclePreparedStatement.executeUpdate(OraclePreparedStatement.java:3400)
	at org.apache.tomcat.dbcp.dbcp.DelegatingPreparedStatement.executeUpdate(DelegatingPreparedStatement.java:105)
	at org.apache.tomcat.dbcp.dbcp.DelegatingPreparedStatement.executeUpdate(DelegatingPreparedStatement.java:105)
	at org.hibernate.jdbc.NonBatchingBatcher.addToBatch(NonBatchingBatcher.java:23)
	at org.hibernate.persister.entity.AbstractEntityPersister.insert(AbstractEntityPersister.java:2252)
	... 102 more
